INFO: [VRFC 10-2263] Analyzing Verilog file "C:/Users/10739/Desktop/final.srcs/sources_1/ip/clk_wiz_0/clk_wiz_0_clk_wiz.v" into library xil_defaultlib
INFO: [VRFC 10-311] analyzing module clk_wiz_0_clk_wiz
INFO: [VRFC 10-2263] Analyzing Verilog file "C:/Users/10739/Desktop/final.srcs/sources_1/ip/clk_wiz_0/clk_wiz_0.v" into library xil_defaultlib
INFO: [VRFC 10-311] analyzing module clk_wiz_0
INFO: [VRFC 10-2263] Analyzing Verilog file "C:/Users/10739/Desktop/final.srcs/sources_1/new/BUTTON.v" into library xil_defaultlib
INFO: [VRFC 10-311] analyzing module key
INFO: [VRFC 10-2263] Analyzing Verilog file "C:/Users/10739/Desktop/final.srcs/sources_1/new/Driver_HDMI.v" into library xil_defaultlib
INFO: [VRFC 10-311] analyzing module Driver_HDMI
INFO: [VRFC 10-2263] Analyzing Verilog file "C:/Users/10739/Desktop/final.srcs/sources_1/new/ENEMY.v" into library xil_defaultlib
INFO: [VRFC 10-311] analyzing module ENEMY
INFO: [VRFC 10-2263] Analyzing Verilog file "C:/Users/10739/Desktop/final.srcs/sources_1/new/PLANE.v" into library xil_defaultlib
INFO: [VRFC 10-311] analyzing module PLANE
INFO: [VRFC 10-2263] Analyzing Verilog file "C:/Users/10739/Desktop/final.srcs/sources_1/new/Video_Generator.v" into library xil_defaultlib
INFO: [VRFC 10-311] analyzing module Video_Generator
INFO: [VRFC 10-2263] Analyzing Verilog file "C:/Users/10739/Desktop/final.srcs/sources_1/new/random.v" into library xil_defaultlib
INFO: [VRFC 10-311] analyzing module random
INFO: [VRFC 10-2263] Analyzing Verilog file "C:/Users/10739/Desktop/final.srcs/sources_1/new/HDMI_TOP.v" into library xil_defaultlib
INFO: [VRFC 10-311] analyzing module HDMI_TOP
INFO: [VRFC 10-2263] Analyzing Verilog file "C:/Users/10739/Desktop/final.sim/sim_1/behav/xsim/glbl.v" into library xil_defaultlib
INFO: [VRFC 10-311] analyzing module glbl
INFO: [VRFC 10-163] Analyzing VHDL file "C:/Users/10739/Desktop/final.ip_user_files/ipstatic/src/ClockGen.vhd" into library xil_defaultlib
INFO: [VRFC 10-3107] analyzing entity 'ClockGen'
INFO: [VRFC 10-163] Analyzing VHDL file "C:/Users/10739/Desktop/final.ip_user_files/ipstatic/src/SyncAsync.vhd" into library xil_defaultlib
INFO: [VRFC 10-3107] analyzing entity 'SyncAsync'
INFO: [VRFC 10-163] Analyzing VHDL file "C:/Users/10739/Desktop/final.ip_user_files/ipstatic/src/SyncAsyncReset.vhd" into library xil_defaultlib
INFO: [VRFC 10-3107] analyzing entity 'ResetBridge'
INFO: [VRFC 10-163] Analyzing VHDL file "C:/Users/10739/Desktop/final.ip_user_files/ipstatic/src/DVI_Constants.vhd" into library xil_defaultlib
INFO: [VRFC 10-163] Analyzing VHDL file "C:/Users/10739/Desktop/final.ip_user_files/ipstatic/src/OutputSERDES.vhd" into library xil_defaultlib
INFO: [VRFC 10-3107] analyzing entity 'OutputSERDES'
INFO: [VRFC 10-163] Analyzing VHDL file "C:/Users/10739/Desktop/final.ip_user_files/ipstatic/src/TMDS_Encoder.vhd" into library xil_defaultlib
INFO: [VRFC 10-3107] analyzing entity 'TMDS_Encoder'
INFO: [VRFC 10-163] Analyzing VHDL file "C:/Users/10739/Desktop/final.ip_user_files/ipstatic/src/rgb2dvi.vhd" into library xil_defaultlib
INFO: [VRFC 10-3107] analyzing entity 'rgb2dvi'
INFO: [VRFC 10-163] Analyzing VHDL file "C:/Users/10739/Desktop/final.srcs/sources_1/ip/rgb2dvi_0/sim/rgb2dvi_0.vhd" into library xil_defaultlib
INFO: [VRFC 10-3107] analyzing entity 'rgb2dvi_0'
