#-----------------------------------------------------------
# Vivado v2018.3 (64-bit)
# SW Build 2405991 on Thu Dec  6 23:38:27 MST 2018
# IP Build 2404404 on Fri Dec  7 01:43:56 MST 2018
# Start of session at: Fri Jul 31 19:53:04 2020
# Process ID: 12884
# Current directory: C:/Users/10739/Desktop/planesolve/lll
# Command line: vivado.exe -gui_launcher_event rodinguilauncherevent6864 C:\Users\10739\Desktop\planesolve\lll\project_1.xpr
# Log file: C:/Users/10739/Desktop/planesolve/lll/vivado.log
# Journal file: C:/Users/10739/Desktop/planesolve/lll\vivado.jou
#-----------------------------------------------------------
start_gui
open_project C:/Users/10739/Desktop/planesolve/lll/project_1.xpr
INFO: [Project 1-313] Project file moved from 'C:/Users/10739/Desktop/31¡Ë≥ø/lll' since last save.
Scanning sources...
Finished scanning sources
INFO: [IP_Flow 19-234] Refreshing IP repositories
INFO: [IP_Flow 19-1700] Loaded user IP repository 'c:/Users/10739/Documents/Tencent Files/1073971990/FileRecv/SEA-Tutorial/IP_Core/RGB2DVI_IP'.
INFO: [IP_Flow 19-2313] Loaded Vivado IP repository 'E:/vivado/Vivado/2018.3/data/ip'.
WARNING: [IP_Flow 19-2162] IP 'rgb2dvi_0' is locked:
* IP definition 'rgb2dvi (1.2)' for IP 'rgb2dvi_0' (customized with software release 2018.3) was not found in the IP Catalog.
Please select 'Report IP Status' from the 'Tools/Report' menu or run Tcl command 'report_ip_status' for more information.
open_project: Time (s): cpu = 00:00:22 ; elapsed = 00:00:17 . Memory (MB): peak = 782.977 ; gain = 179.883
update_compile_order -fileset sources_1
export_ip_user_files -of_objects  [get_files C:/Users/10739/Desktop/planesolve/lll/project_1.srcs/sources_1/ip/rgb2dvi_0/rgb2dvi_0.xci] -no_script -reset -force -quiet
remove_files  C:/Users/10739/Desktop/planesolve/lll/project_1.srcs/sources_1/ip/rgb2dvi_0/rgb2dvi_0.xci
export_ip_user_files -of_objects  [get_files {{c:/Users/10739/Desktop/Documents/Tencent Files/1073971990/FileRecv/hdmi_1/1_Picture_B_Rom.coe}}] -no_script -reset -force -quiet
export_ip_user_files -of_objects  [get_files {{c:/Users/10739/Desktop/Documents/Tencent Files/1073971990/FileRecv/hdmi_1/1_Picture_R_Rom.coe}}] -no_script -reset -force -quiet
export_ip_user_files -of_objects  [get_files {{C:/Users/10739/Documents/Tencent Files/1073971990/FileRecv/hdmi_1/1_Picture_R_Rom.coe}}] -no_script -reset -force -quiet
export_ip_user_files -of_objects  [get_files {{C:/Users/10739/Documents/Tencent Files/1073971990/FileRecv/hdmi_1/1_Picture_G_Rom.coe}}] -no_script -reset -force -quiet
export_ip_user_files -of_objects  [get_files {{c:/Users/10739/Desktop/Documents/Tencent Files/1073971990/FileRecv/hdmi_1/1_Picture_G_Rom.coe}}] -no_script -reset -force -quiet
export_ip_user_files -of_objects  [get_files {{C:/Users/10739/Documents/Tencent Files/1073971990/FileRecv/hdmi_1/1_Picture_B_Rom.coe}}] -no_script -reset -force -quiet
remove_files  {{c:/Users/10739/Desktop/Documents/Tencent Files/1073971990/FileRecv/hdmi_1/1_Picture_B_Rom.coe} {c:/Users/10739/Desktop/Documents/Tencent Files/1073971990/FileRecv/hdmi_1/1_Picture_R_Rom.coe} {C:/Users/10739/Documents/Tencent Files/1073971990/FileRecv/hdmi_1/1_Picture_R_Rom.coe} {C:/Users/10739/Documents/Tencent Files/1073971990/FileRecv/hdmi_1/1_Picture_G_Rom.coe} {c:/Users/10739/Desktop/Documents/Tencent Files/1073971990/FileRecv/hdmi_1/1_Picture_G_Rom.coe} {C:/Users/10739/Documents/Tencent Files/1073971990/FileRecv/hdmi_1/1_Picture_B_Rom.coe}}
set_property  ip_repo_paths  {{c:/Users/10739/Documents/Tencent Files/1073971990/FileRecv/SEA-Tutorial/IP_Core/RGB2DVI_IP} {C:/Users/10739/Documents/Tencent Files/1073971990/FileRecv/IP_Core/HDMI-IP/IP/RGB2DVI_IP}} [current_project]
update_ip_catalog
INFO: [IP_Flow 19-234] Refreshing IP repositories
INFO: [IP_Flow 19-1700] Loaded user IP repository 'c:/Users/10739/Documents/Tencent Files/1073971990/FileRecv/SEA-Tutorial/IP_Core/RGB2DVI_IP'.
INFO: [IP_Flow 19-1700] Loaded user IP repository 'c:/Users/10739/Documents/Tencent Files/1073971990/FileRecv/IP_Core/HDMI-IP/IP/RGB2DVI_IP'.
create_ip -name rgb2dvi -vendor digilentinc.com -library ip -version 1.2 -module_name rgb2dvi_0 -dir c:/Users/10739/Desktop/planesolve/lll/project_1.srcs/sources_1/ip
set_property -dict [list CONFIG.kRstActiveHigh {false} CONFIG.kClkPrimitive {PLL} CONFIG.kClkRange {2}] [get_ips rgb2dvi_0]
generate_target {instantiation_template} [get_files c:/Users/10739/Desktop/planesolve/lll/project_1.srcs/sources_1/ip/rgb2dvi_0_1/rgb2dvi_0.xci]
INFO: [IP_Flow 19-1686] Generating 'Instantiation Template' target for IP 'rgb2dvi_0'...
generate_target all [get_files  c:/Users/10739/Desktop/planesolve/lll/project_1.srcs/sources_1/ip/rgb2dvi_0_1/rgb2dvi_0.xci]
INFO: [IP_Flow 19-1686] Generating 'Synthesis' target for IP 'rgb2dvi_0'...
INFO: [IP_Flow 19-1686] Generating 'Simulation' target for IP 'rgb2dvi_0'...
catch { config_ip_cache -export [get_ips -all rgb2dvi_0] }
export_ip_user_files -of_objects [get_files c:/Users/10739/Desktop/planesolve/lll/project_1.srcs/sources_1/ip/rgb2dvi_0_1/rgb2dvi_0.xci] -no_script -sync -force -quiet
create_ip_run [get_files -of_objects [get_fileset sources_1] c:/Users/10739/Desktop/planesolve/lll/project_1.srcs/sources_1/ip/rgb2dvi_0_1/rgb2dvi_0.xci]
launch_runs -jobs 4 rgb2dvi_0_synth_1
[Fri Jul 31 19:57:26 2020] Launched rgb2dvi_0_synth_1...
Run output will be captured here: C:/Users/10739/Desktop/planesolve/lll/project_1.runs/rgb2dvi_0_synth_1/runme.log
export_simulation -of_objects [get_files c:/Users/10739/Desktop/planesolve/lll/project_1.srcs/sources_1/ip/rgb2dvi_0_1/rgb2dvi_0.xci] -directory C:/Users/10739/Desktop/planesolve/lll/project_1.ip_user_files/sim_scripts -ip_user_files_dir C:/Users/10739/Desktop/planesolve/lll/project_1.ip_user_files -ipstatic_source_dir C:/Users/10739/Desktop/planesolve/lll/project_1.ip_user_files/ipstatic -lib_map_path [list {modelsim=C:/Users/10739/Desktop/planesolve/lll/project_1.cache/compile_simlib/modelsim} {questa=C:/Users/10739/Desktop/planesolve/lll/project_1.cache/compile_simlib/questa} {riviera=C:/Users/10739/Desktop/planesolve/lll/project_1.cache/compile_simlib/riviera} {activehdl=C:/Users/10739/Desktop/planesolve/lll/project_1.cache/compile_simlib/activehdl}] -use_ip_compiled_libs -force -quiet
reset_run synth_1
launch_runs impl_1 -jobs 4
[Fri Jul 31 20:01:20 2020] Launched synth_1...
Run output will be captured here: C:/Users/10739/Desktop/planesolve/lll/project_1.runs/synth_1/runme.log
[Fri Jul 31 20:01:20 2020] Launched impl_1...
Run output will be captured here: C:/Users/10739/Desktop/planesolve/lll/project_1.runs/impl_1/runme.log
launch_runs impl_1 -to_step write_bitstream -jobs 4
[Fri Jul 31 20:03:37 2020] Launched impl_1...
Run output will be captured here: C:/Users/10739/Desktop/planesolve/lll/project_1.runs/impl_1/runme.log
reset_run impl_1
launch_runs impl_1 -jobs 4
[Fri Jul 31 20:09:24 2020] Launched impl_1...
Run output will be captured here: C:/Users/10739/Desktop/planesolve/lll/project_1.runs/impl_1/runme.log
reset_run synth_1
launch_runs impl_1 -to_step write_bitstream -jobs 4
[Fri Jul 31 20:10:41 2020] Launched synth_1...
Run output will be captured here: C:/Users/10739/Desktop/planesolve/lll/project_1.runs/synth_1/runme.log
[Fri Jul 31 20:10:41 2020] Launched impl_1...
Run output will be captured here: C:/Users/10739/Desktop/planesolve/lll/project_1.runs/impl_1/runme.log
close_project
exit
INFO: [Common 17-206] Exiting Vivado at Fri Jul 31 20:17:49 2020...
