#-----------------------------------------------------------
# Vivado v2018.3 (64-bit)
# SW Build 2405991 on Thu Dec  6 23:38:27 MST 2018
# IP Build 2404404 on Fri Dec  7 01:43:56 MST 2018
# Start of session at: Fri Jul 31 18:02:40 2020
# Process ID: 3412
# Current directory: C:/Users/10739/Desktop/31¡Ë≥ø/lll
# Command line: vivado.exe -gui_launcher_event rodinguilauncherevent484 C:\Users\10739\Desktop\31¡Ë≥ø\lll\project_1.xpr
# Log file: C:/Users/10739/Desktop/31¡Ë≥ø/lll/vivado.log
# Journal file: C:/Users/10739/Desktop/31¡Ë≥ø/lll\vivado.jou
#-----------------------------------------------------------
start_gui
open_project C:/Users/10739/Desktop/31¡Ë≥ø/lll/project_1.xpr
INFO: [Project 1-313] Project file moved from 'C:/Users/10739/Desktop/lll' since last save.
WARNING: [Project 1-312] File not found as 'C:/Users/10739/Desktop/Documents/Tencent Files/1073971990/FileRecv/hdmi_1/1_Picture_B_Rom.coe'; using path 'C:/Users/10739/Documents/Tencent Files/1073971990/FileRecv/hdmi_1/1_Picture_B_Rom.coe' instead.
WARNING: [Project 1-312] File not found as 'C:/Users/10739/Desktop/Documents/Tencent Files/1073971990/FileRecv/hdmi_1/1_Picture_G_Rom.coe'; using path 'C:/Users/10739/Documents/Tencent Files/1073971990/FileRecv/hdmi_1/1_Picture_G_Rom.coe' instead.
WARNING: [Project 1-312] File not found as 'C:/Users/10739/Desktop/Documents/Tencent Files/1073971990/FileRecv/hdmi_1/1_Picture_R_Rom.coe'; using path 'C:/Users/10739/Documents/Tencent Files/1073971990/FileRecv/hdmi_1/1_Picture_R_Rom.coe' instead.
Scanning sources...
Finished scanning sources
WARNING: [Project 1-312] File not found as 'C:/Users/10739/Desktop/Documents/Tencent Files/1073971990/FileRecv/hdmi_1/1_Picture_B_Rom.coe'; using path 'C:/Users/10739/Documents/Tencent Files/1073971990/FileRecv/hdmi_1/1_Picture_B_Rom.coe' instead.
WARNING: [Project 1-312] File not found as 'C:/Users/10739/Desktop/Documents/Tencent Files/1073971990/FileRecv/hdmi_1/1_Picture_G_Rom.coe'; using path 'C:/Users/10739/Documents/Tencent Files/1073971990/FileRecv/hdmi_1/1_Picture_G_Rom.coe' instead.
WARNING: [Project 1-312] File not found as 'C:/Users/10739/Desktop/Documents/Tencent Files/1073971990/FileRecv/hdmi_1/1_Picture_R_Rom.coe'; using path 'C:/Users/10739/Documents/Tencent Files/1073971990/FileRecv/hdmi_1/1_Picture_R_Rom.coe' instead.
WARNING: [Project 1-312] File not found as 'C:/Users/10739/Desktop/Documents/Tencent Files/1073971990/FileRecv/hdmi_1/1_Picture_B_Rom.coe'; using path 'C:/Users/10739/Documents/Tencent Files/1073971990/FileRecv/hdmi_1/1_Picture_B_Rom.coe' instead.
WARNING: [Project 1-312] File not found as 'C:/Users/10739/Desktop/Documents/Tencent Files/1073971990/FileRecv/hdmi_1/1_Picture_G_Rom.coe'; using path 'C:/Users/10739/Documents/Tencent Files/1073971990/FileRecv/hdmi_1/1_Picture_G_Rom.coe' instead.
WARNING: [Project 1-312] File not found as 'C:/Users/10739/Desktop/Documents/Tencent Files/1073971990/FileRecv/hdmi_1/1_Picture_R_Rom.coe'; using path 'C:/Users/10739/Documents/Tencent Files/1073971990/FileRecv/hdmi_1/1_Picture_R_Rom.coe' instead.
INFO: [filemgmt 56-1] IP Repository Path: Directory not found as 'C:/Users/10739/Desktop/Documents/Tencent Files/1073971990/FileRecv/SEA-Tutorial/IP_Core/RGB2DVI_IP'; using path 'C:/Users/10739/Documents/Tencent Files/1073971990/FileRecv/SEA-Tutorial/IP_Core/RGB2DVI_IP' instead.
INFO: [IP_Flow 19-234] Refreshing IP repositories
INFO: [IP_Flow 19-1700] Loaded user IP repository 'c:/Users/10739/Documents/Tencent Files/1073971990/FileRecv/SEA-Tutorial/IP_Core/RGB2DVI_IP'.
INFO: [IP_Flow 19-2313] Loaded Vivado IP repository 'E:/vivado/Vivado/2018.3/data/ip'.
open_project: Time (s): cpu = 00:00:21 ; elapsed = 00:00:12 . Memory (MB): peak = 838.066 ; gain = 218.785
update_compile_order -fileset sources_1
set_property -dict [list CONFIG.CLKOUT1_REQUESTED_OUT_FREQ {74.25} CONFIG.MMCM_DIVCLK_DIVIDE {5} CONFIG.MMCM_CLKFBOUT_MULT_F {52} CONFIG.MMCM_CLKOUT0_DIVIDE_F {14} CONFIG.CLKOUT1_JITTER {242.898} CONFIG.CLKOUT1_PHASE_ERROR {300.278}] [get_ips clk_wiz_0]
reset_run synth_1
launch_runs impl_1 -to_step write_bitstream -jobs 4
INFO: [Vivado 12-4149] The synthesis checkpoint for IP 'C:/Users/10739/Desktop/31¡Ë≥ø/lll/project_1.srcs/sources_1/ip/rgb2dvi_0/rgb2dvi_0.xci' is already up-to-date
INFO: [IP_Flow 19-1686] Generating 'Synthesis' target for IP 'clk_wiz_0'...
INFO: [IP_Flow 19-1686] Generating 'Implementation' target for IP 'clk_wiz_0'...
[Fri Jul 31 18:20:52 2020] Launched clk_wiz_0_synth_1, synth_1...
Run output will be captured here:
clk_wiz_0_synth_1: C:/Users/10739/Desktop/31¡Ë≥ø/lll/project_1.runs/clk_wiz_0_synth_1/runme.log
synth_1: C:/Users/10739/Desktop/31¡Ë≥ø/lll/project_1.runs/synth_1/runme.log
[Fri Jul 31 18:20:52 2020] Launched impl_1...
Run output will be captured here: C:/Users/10739/Desktop/31¡Ë≥ø/lll/project_1.runs/impl_1/runme.log
reset_run clk_wiz_0_synth_1
reset_run impl_1
launch_runs impl_1 -jobs 4
INFO: [Vivado 12-4149] The synthesis checkpoint for IP 'C:/Users/10739/Desktop/31¡Ë≥ø/lll/project_1.srcs/sources_1/ip/rgb2dvi_0/rgb2dvi_0.xci' is already up-to-date
[Fri Jul 31 18:22:25 2020] Launched clk_wiz_0_synth_1, synth_1...
Run output will be captured here:
clk_wiz_0_synth_1: C:/Users/10739/Desktop/31¡Ë≥ø/lll/project_1.runs/clk_wiz_0_synth_1/runme.log
synth_1: C:/Users/10739/Desktop/31¡Ë≥ø/lll/project_1.runs/synth_1/runme.log
[Fri Jul 31 18:22:25 2020] Launched impl_1...
Run output will be captured here: C:/Users/10739/Desktop/31¡Ë≥ø/lll/project_1.runs/impl_1/runme.log
set_property -dict [list CONFIG.CLKOUT1_REQUESTED_OUT_FREQ {100} CONFIG.MMCM_DIVCLK_DIVIDE {1} CONFIG.MMCM_CLKFBOUT_MULT_F {9} CONFIG.MMCM_CLKOUT0_DIVIDE_F {9} CONFIG.CLKOUT1_JITTER {137.681} CONFIG.CLKOUT1_PHASE_ERROR {105.461}] [get_ips clk_wiz_0]
reset_run synth_1
reset_run clk_wiz_0_synth_1
launch_runs impl_1 -to_step write_bitstream -jobs 4
INFO: [Vivado 12-4149] The synthesis checkpoint for IP 'C:/Users/10739/Desktop/31¡Ë≥ø/lll/project_1.srcs/sources_1/ip/rgb2dvi_0/rgb2dvi_0.xci' is already up-to-date
INFO: [IP_Flow 19-1686] Generating 'Synthesis' target for IP 'clk_wiz_0'...
INFO: [IP_Flow 19-1686] Generating 'Implementation' target for IP 'clk_wiz_0'...
[Fri Jul 31 18:24:15 2020] Launched clk_wiz_0_synth_1, synth_1...
Run output will be captured here:
clk_wiz_0_synth_1: C:/Users/10739/Desktop/31¡Ë≥ø/lll/project_1.runs/clk_wiz_0_synth_1/runme.log
synth_1: C:/Users/10739/Desktop/31¡Ë≥ø/lll/project_1.runs/synth_1/runme.log
[Fri Jul 31 18:24:15 2020] Launched impl_1...
Run output will be captured here: C:/Users/10739/Desktop/31¡Ë≥ø/lll/project_1.runs/impl_1/runme.log
export_ip_user_files -of_objects  [get_files {{c:/Users/10739/Desktop/Documents/Tencent Files/1073971990/FileRecv/hdmi_1/1_Picture_B_Rom.coe}}] -no_script -reset -force -quiet
remove_files  {{c:/Users/10739/Desktop/Documents/Tencent Files/1073971990/FileRecv/hdmi_1/1_Picture_B_Rom.coe}}
export_ip_user_files -of_objects  [get_files {{c:/Users/10739/Desktop/Documents/Tencent Files/1073971990/FileRecv/hdmi_1/1_Picture_G_Rom.coe}}] -no_script -reset -force -quiet
remove_files  {{c:/Users/10739/Desktop/Documents/Tencent Files/1073971990/FileRecv/hdmi_1/1_Picture_G_Rom.coe}}
export_ip_user_files -of_objects  [get_files {{c:/Users/10739/Desktop/Documents/Tencent Files/1073971990/FileRecv/hdmi_1/1_Picture_R_Rom.coe}}] -no_script -reset -force -quiet
remove_files  {{c:/Users/10739/Desktop/Documents/Tencent Files/1073971990/FileRecv/hdmi_1/1_Picture_R_Rom.coe}}
reset_run synth_1
launch_runs impl_1 -to_step write_bitstream -jobs 4
INFO: [Vivado 12-4149] The synthesis checkpoint for IP 'C:/Users/10739/Desktop/31¡Ë≥ø/lll/project_1.srcs/sources_1/ip/rgb2dvi_0/rgb2dvi_0.xci' is already up-to-date
[Fri Jul 31 18:25:54 2020] Launched synth_1...
Run output will be captured here: C:/Users/10739/Desktop/31¡Ë≥ø/lll/project_1.runs/synth_1/runme.log
[Fri Jul 31 18:25:54 2020] Launched impl_1...
Run output will be captured here: C:/Users/10739/Desktop/31¡Ë≥ø/lll/project_1.runs/impl_1/runme.log
export_ip_user_files -of_objects  [get_files C:/Users/10739/Desktop/31¡Ë≥ø/lll/project_1.srcs/sources_1/ip/clk_wiz_1/clk_wiz_1.xci] -no_script -reset -force -quiet
remove_files  -fileset clk_wiz_1 C:/Users/10739/Desktop/31¡Ë≥ø/lll/project_1.srcs/sources_1/ip/clk_wiz_1/clk_wiz_1.xci
INFO: [Project 1-386] Moving file 'C:/Users/10739/Desktop/31¡Ë≥ø/lll/project_1.srcs/sources_1/ip/clk_wiz_1/clk_wiz_1.xci' from fileset 'clk_wiz_1' to fileset 'sources_1'.
reset_run synth_1
launch_runs impl_1 -to_step write_bitstream -jobs 4
INFO: [Vivado 12-4149] The synthesis checkpoint for IP 'C:/Users/10739/Desktop/31¡Ë≥ø/lll/project_1.srcs/sources_1/ip/rgb2dvi_0/rgb2dvi_0.xci' is already up-to-date
[Fri Jul 31 18:28:53 2020] Launched synth_1...
Run output will be captured here: C:/Users/10739/Desktop/31¡Ë≥ø/lll/project_1.runs/synth_1/runme.log
[Fri Jul 31 18:28:53 2020] Launched impl_1...
Run output will be captured here: C:/Users/10739/Desktop/31¡Ë≥ø/lll/project_1.runs/impl_1/runme.log
reset_run synth_1
launch_runs impl_1 -to_step write_bitstream -jobs 4
INFO: [Vivado 12-4149] The synthesis checkpoint for IP 'C:/Users/10739/Desktop/31¡Ë≥ø/lll/project_1.srcs/sources_1/ip/rgb2dvi_0/rgb2dvi_0.xci' is already up-to-date
[Fri Jul 31 18:52:48 2020] Launched synth_1...
Run output will be captured here: C:/Users/10739/Desktop/31¡Ë≥ø/lll/project_1.runs/synth_1/runme.log
[Fri Jul 31 18:52:48 2020] Launched impl_1...
Run output will be captured here: C:/Users/10739/Desktop/31¡Ë≥ø/lll/project_1.runs/impl_1/runme.log
reset_run synth_1
launch_runs impl_1 -jobs 4
INFO: [Vivado 12-4149] The synthesis checkpoint for IP 'C:/Users/10739/Desktop/31¡Ë≥ø/lll/project_1.srcs/sources_1/ip/rgb2dvi_0/rgb2dvi_0.xci' is already up-to-date
[Fri Jul 31 19:00:45 2020] Launched synth_1...
Run output will be captured here: C:/Users/10739/Desktop/31¡Ë≥ø/lll/project_1.runs/synth_1/runme.log
[Fri Jul 31 19:00:45 2020] Launched impl_1...
Run output will be captured here: C:/Users/10739/Desktop/31¡Ë≥ø/lll/project_1.runs/impl_1/runme.log
WARNING: [IP_Flow 19-4318] IP-XACT file does not exist: c:/Users/10739/Documents/Tencent Files/1073971990/FileRecv/SEA-Tutorial/IP_Core/RGB2DVI_IP/component.xml. It will be created.
reset_run synth_1
launch_runs impl_1 -jobs 4
INFO: [Vivado 12-4149] The synthesis checkpoint for IP 'C:/Users/10739/Desktop/31¡Ë≥ø/lll/project_1.srcs/sources_1/ip/rgb2dvi_0/rgb2dvi_0.xci' is already up-to-date
[Fri Jul 31 19:39:38 2020] Launched synth_1...
Run output will be captured here: C:/Users/10739/Desktop/31¡Ë≥ø/lll/project_1.runs/synth_1/runme.log
[Fri Jul 31 19:39:38 2020] Launched impl_1...
Run output will be captured here: C:/Users/10739/Desktop/31¡Ë≥ø/lll/project_1.runs/impl_1/runme.log
exit
INFO: [Common 17-206] Exiting Vivado at Fri Jul 31 19:50:24 2020...
